2025-05-02 07:50:39,639 - INFO - Repository loaded successfully
2025-05-02 07:50:39,686 - INFO - Current branch: main
2025-05-02 07:50:39,866 - INFO - Created commit: Automated Commit Update at 2025-05-02 07:50:39
2025-05-02 07:50:39,866 - INFO - Force pushing to origin/main...
2025-05-02 07:50:41,525 - INFO - Push result: eaac967..5efabb7

2025-05-02 07:50:55,381 - INFO - Repository loaded successfully
2025-05-02 07:50:55,422 - INFO - Current branch: main
2025-05-02 07:50:55,573 - INFO - Created commit: Automated Commit Update at 2025-05-02 07:50:55
2025-05-02 07:50:55,574 - INFO - Force pushing to origin/main...
2025-05-02 07:50:57,314 - INFO - Push result: 5efabb7..010c1ef

2025-05-02 08:00:57,524 - INFO - Current branch: main
2025-05-02 08:00:57,784 - INFO - Created scheduled commit: Automated Commit Update at 2025-05-02 08:00:57
2025-05-02 08:00:57,784 - INFO - Pushing to origin/main...
2025-05-02 08:00:59,546 - INFO - Push result: e048201..7362738

2025-05-02 08:10:59,839 - INFO - Current branch: main
2025-05-02 08:11:00,041 - INFO - Created scheduled commit: Automated Commit Update at 2025-05-02 08:10:59
2025-05-02 08:11:00,041 - INFO - Pushing to origin/main...
2025-05-02 08:11:01,812 - INFO - Push result: a474783..adc7079

2025-05-02 08:21:02,055 - INFO - Current branch: main
2025-05-02 08:21:02,193 - INFO - Created scheduled commit: Automated Commit Update at 2025-05-02 08:21:02
2025-05-02 08:21:02,194 - INFO - Pushing to origin/main...
2025-05-02 08:21:03,836 - INFO - Push result: ab3461c..b6ecb0e

2025-05-02 08:31:04,014 - INFO - Current branch: main
2025-05-02 08:31:04,182 - INFO - Created scheduled commit: Automated Commit Update at 2025-05-02 08:31:04
2025-05-02 08:31:04,182 - INFO - Pushing to origin/main...
2025-05-02 08:31:05,848 - INFO - Push result: 8bc267a..aead140

2025-05-02 08:41:06,046 - INFO - Current branch: main
2025-05-02 08:41:06,249 - INFO - Created scheduled commit: Automated Commit Update at 2025-05-02 08:41:06
2025-05-02 08:41:06,249 - INFO - Pushing to origin/main...
2025-05-02 08:41:08,065 - INFO - Push result: 47215ff..5e5161e

2025-05-02 08:51:08,273 - INFO - Current branch: main
2025-05-02 08:51:08,458 - INFO - Created scheduled commit: Automated Commit Update at 2025-05-02 08:51:08
2025-05-02 08:51:08,458 - INFO - Pushing to origin/main...
2025-05-02 08:51:10,363 - INFO - Push result: dcc6341..2c30564

2025-05-02 09:01:10,590 - INFO - Current branch: main
2025-05-02 09:01:10,789 - INFO - Created scheduled commit: Automated Commit Update at 2025-05-02 09:01:10
2025-05-02 09:01:10,790 - INFO - Pushing to origin/main...
2025-05-02 09:01:12,588 - INFO - Push result: ac9cab0..f162cd9

2025-05-02 09:11:12,801 - INFO - Current branch: main
2025-05-02 09:11:13,016 - INFO - Created scheduled commit: Automated Commit Update at 2025-05-02 09:11:12
2025-05-02 09:11:13,016 - INFO - Pushing to origin/main...
2025-05-02 09:11:14,961 - INFO - Push result: 6e50983..58cf25d

2025-05-02 09:21:15,176 - INFO - Current branch: main
2025-05-02 09:21:15,401 - INFO - Created scheduled commit: Automated Commit Update at 2025-05-02 09:21:15
2025-05-02 09:21:15,403 - INFO - Pushing to origin/main...
2025-05-02 09:21:17,322 - INFO - Push result: 8955869..2bcab97

